{"E:\\Projects\\Gestion LC\\api-standard\\src\\credit-line\\domain\\entities\\Garantie.ts": {"path":"E:\\Projects\\Gestion LC\\api-standard\\src\\credit-line\\domain\\entities\\Garantie.ts","all":false,"statementMap":{"0":{"start":{"line":1,"column":0},"end":{"line":1,"column":52}},"1":{"start":{"line":2,"column":0},"end":{"line":2,"column":0}},"2":{"start":{"line":3,"column":0},"end":{"line":3,"column":32}},"3":{"start":{"line":4,"column":0},"end":{"line":4,"column":15}},"4":{"start":{"line":5,"column":0},"end":{"line":5,"column":18}},"5":{"start":{"line":6,"column":0},"end":{"line":6,"column":23}},"6":{"start":{"line":7,"column":0},"end":{"line":7,"column":23}},"7":{"start":{"line":8,"column":0},"end":{"line":8,"column":1}},"8":{"start":{"line":9,"column":0},"end":{"line":9,"column":0}},"9":{"start":{"line":10,"column":0},"end":{"line":10,"column":53}},"10":{"start":{"line":11,"column":0},"end":{"line":11,"column":58}},"11":{"start":{"line":12,"column":0},"end":{"line":12,"column":21}},"12":{"start":{"line":13,"column":0},"end":{"line":13,"column":3}},"13":{"start":{"line":14,"column":0},"end":{"line":14,"column":0}},"14":{"start":{"line":15,"column":0},"end":{"line":15,"column":69}},"15":{"start":{"line":16,"column":0},"end":{"line":16,"column":35}},"16":{"start":{"line":17,"column":0},"end":{"line":17,"column":3}},"17":{"start":{"line":18,"column":0},"end":{"line":18,"column":0}},"18":{"start":{"line":19,"column":0},"end":{"line":19,"column":22}},"19":{"start":{"line":20,"column":0},"end":{"line":20,"column":27}},"20":{"start":{"line":21,"column":0},"end":{"line":21,"column":3}},"21":{"start":{"line":22,"column":0},"end":{"line":22,"column":25}},"22":{"start":{"line":23,"column":0},"end":{"line":23,"column":30}},"23":{"start":{"line":24,"column":0},"end":{"line":24,"column":3}},"24":{"start":{"line":25,"column":0},"end":{"line":25,"column":30}},"25":{"start":{"line":26,"column":0},"end":{"line":26,"column":37}},"26":{"start":{"line":27,"column":0},"end":{"line":27,"column":3}},"27":{"start":{"line":28,"column":0},"end":{"line":28,"column":41}},"28":{"start":{"line":29,"column":0},"end":{"line":29,"column":34}},"29":{"start":{"line":30,"column":0},"end":{"line":30,"column":3}},"30":{"start":{"line":31,"column":0},"end":{"line":31,"column":1}}},"s":{"0":1,"1":1,"2":1,"3":1,"4":1,"5":1,"6":1,"7":1,"8":1,"9":1,"10":1,"11":1,"12":1,"13":1,"14":1,"15":1,"16":1,"17":1,"18":1,"19":0,"20":0,"21":1,"22":0,"23":0,"24":1,"25":0,"26":0,"27":1,"28":0,"29":0,"30":1},"branchMap":{"0":{"type":"branch","line":11,"loc":{"start":{"line":11,"column":2},"end":{"line":13,"column":3}},"locations":[{"start":{"line":11,"column":2},"end":{"line":13,"column":3}}]},"1":{"type":"branch","line":15,"loc":{"start":{"line":15,"column":16},"end":{"line":17,"column":3}},"locations":[{"start":{"line":15,"column":16},"end":{"line":17,"column":3}}]}},"b":{"0":[1],"1":[1]},"fnMap":{"0":{"name":"Garantie","decl":{"start":{"line":11,"column":2},"end":{"line":13,"column":3}},"loc":{"start":{"line":11,"column":2},"end":{"line":13,"column":3}},"line":11},"1":{"name":"create","decl":{"start":{"line":15,"column":16},"end":{"line":17,"column":3}},"loc":{"start":{"line":15,"column":16},"end":{"line":17,"column":3}},"line":15},"2":{"name":"get type","decl":{"start":{"line":19,"column":2},"end":{"line":21,"column":3}},"loc":{"start":{"line":19,"column":2},"end":{"line":21,"column":3}},"line":19},"3":{"name":"get montant","decl":{"start":{"line":22,"column":2},"end":{"line":24,"column":3}},"loc":{"start":{"line":22,"column":2},"end":{"line":24,"column":3}},"line":22},"4":{"name":"get dateExpiration","decl":{"start":{"line":25,"column":2},"end":{"line":27,"column":3}},"loc":{"start":{"line":25,"column":2},"end":{"line":27,"column":3}},"line":25},"5":{"name":"get description","decl":{"start":{"line":28,"column":2},"end":{"line":30,"column":3}},"loc":{"start":{"line":28,"column":2},"end":{"line":30,"column":3}},"line":28}},"f":{"0":1,"1":1,"2":0,"3":0,"4":0,"5":0}}
,"E:\\Projects\\Gestion LC\\api-standard\\src\\credit-line\\domain\\entities\\LigneDeCredit.ts": {"path":"E:\\Projects\\Gestion LC\\api-standard\\src\\credit-line\\domain\\entities\\LigneDeCredit.ts","all":false,"statementMap":{"0":{"start":{"line":1,"column":0},"end":{"line":1,"column":59}},"1":{"start":{"line":2,"column":0},"end":{"line":2,"column":38}},"2":{"start":{"line":3,"column":0},"end":{"line":3,"column":0}},"3":{"start":{"line":4,"column":0},"end":{"line":4,"column":29}},"4":{"start":{"line":5,"column":0},"end":{"line":5,"column":30}},"5":{"start":{"line":6,"column":0},"end":{"line":6,"column":32}},"6":{"start":{"line":7,"column":0},"end":{"line":7,"column":24}},"7":{"start":{"line":8,"column":0},"end":{"line":8,"column":18}},"8":{"start":{"line":9,"column":0},"end":{"line":9,"column":28}},"9":{"start":{"line":10,"column":0},"end":{"line":10,"column":28}},"10":{"start":{"line":11,"column":0},"end":{"line":11,"column":27}},"11":{"start":{"line":12,"column":0},"end":{"line":12,"column":26}},"12":{"start":{"line":13,"column":0},"end":{"line":13,"column":23}},"13":{"start":{"line":14,"column":0},"end":{"line":14,"column":19}},"14":{"start":{"line":15,"column":0},"end":{"line":15,"column":28}},"15":{"start":{"line":16,"column":0},"end":{"line":16,"column":20}},"16":{"start":{"line":17,"column":0},"end":{"line":17,"column":1}},"17":{"start":{"line":18,"column":0},"end":{"line":18,"column":0}},"18":{"start":{"line":19,"column":0},"end":{"line":19,"column":39}},"19":{"start":{"line":20,"column":0},"end":{"line":20,"column":25}},"20":{"start":{"line":21,"column":0},"end":{"line":21,"column":24}},"21":{"start":{"line":22,"column":0},"end":{"line":22,"column":19}},"22":{"start":{"line":23,"column":0},"end":{"line":23,"column":24}},"23":{"start":{"line":24,"column":0},"end":{"line":24,"column":23}},"24":{"start":{"line":25,"column":0},"end":{"line":25,"column":22}},"25":{"start":{"line":26,"column":0},"end":{"line":26,"column":21}},"26":{"start":{"line":27,"column":0},"end":{"line":27,"column":18}},"27":{"start":{"line":28,"column":0},"end":{"line":28,"column":14}},"28":{"start":{"line":29,"column":0},"end":{"line":29,"column":23}},"29":{"start":{"line":30,"column":0},"end":{"line":30,"column":15}},"30":{"start":{"line":31,"column":0},"end":{"line":31,"column":27}},"31":{"start":{"line":32,"column":0},"end":{"line":32,"column":1}},"32":{"start":{"line":33,"column":0},"end":{"line":33,"column":0}},"33":{"start":{"line":34,"column":0},"end":{"line":34,"column":37}},"34":{"start":{"line":35,"column":0},"end":{"line":35,"column":13}},"35":{"start":{"line":36,"column":0},"end":{"line":36,"column":23}},"36":{"start":{"line":37,"column":0},"end":{"line":37,"column":19}},"37":{"start":{"line":38,"column":0},"end":{"line":38,"column":25}},"38":{"start":{"line":39,"column":0},"end":{"line":39,"column":24}},"39":{"start":{"line":40,"column":0},"end":{"line":40,"column":0}},"40":{"start":{"line":41,"column":0},"end":{"line":41,"column":15}},"41":{"start":{"line":42,"column":0},"end":{"line":42,"column":25}},"42":{"start":{"line":43,"column":0},"end":{"line":43,"column":24}},"43":{"start":{"line":44,"column":0},"end":{"line":44,"column":15}},"44":{"start":{"line":45,"column":0},"end":{"line":45,"column":35}},"45":{"start":{"line":46,"column":0},"end":{"line":46,"column":0}},"46":{"start":{"line":47,"column":0},"end":{"line":47,"column":20}},"47":{"start":{"line":48,"column":0},"end":{"line":48,"column":31}},"48":{"start":{"line":49,"column":0},"end":{"line":49,"column":22}},"49":{"start":{"line":50,"column":0},"end":{"line":50,"column":22}},"50":{"start":{"line":51,"column":0},"end":{"line":51,"column":0}},"51":{"start":{"line":52,"column":0},"end":{"line":52,"column":10}},"52":{"start":{"line":53,"column":0},"end":{"line":53,"column":18}},"53":{"start":{"line":54,"column":0},"end":{"line":54,"column":19}},"54":{"start":{"line":55,"column":0},"end":{"line":55,"column":21}},"55":{"start":{"line":56,"column":0},"end":{"line":56,"column":0}},"56":{"start":{"line":57,"column":0},"end":{"line":57,"column":10}},"57":{"start":{"line":58,"column":0},"end":{"line":58,"column":68}},"58":{"start":{"line":59,"column":0},"end":{"line":59,"column":32}},"59":{"start":{"line":60,"column":0},"end":{"line":60,"column":26}},"60":{"start":{"line":61,"column":0},"end":{"line":61,"column":0}},"61":{"start":{"line":62,"column":0},"end":{"line":62,"column":10}},"62":{"start":{"line":63,"column":0},"end":{"line":63,"column":34}},"63":{"start":{"line":64,"column":0},"end":{"line":64,"column":34}},"64":{"start":{"line":65,"column":0},"end":{"line":65,"column":19}},"65":{"start":{"line":66,"column":0},"end":{"line":66,"column":22}},"66":{"start":{"line":67,"column":0},"end":{"line":67,"column":0}},"67":{"start":{"line":68,"column":0},"end":{"line":68,"column":20}},"68":{"start":{"line":69,"column":0},"end":{"line":69,"column":25}},"69":{"start":{"line":70,"column":0},"end":{"line":70,"column":45}},"70":{"start":{"line":71,"column":0},"end":{"line":71,"column":0}},"71":{"start":{"line":72,"column":0},"end":{"line":72,"column":24}},"72":{"start":{"line":73,"column":0},"end":{"line":73,"column":1}},"73":{"start":{"line":74,"column":0},"end":{"line":74,"column":0}},"74":{"start":{"line":75,"column":0},"end":{"line":75,"column":70}},"75":{"start":{"line":76,"column":0},"end":{"line":76,"column":63}},"76":{"start":{"line":77,"column":0},"end":{"line":77,"column":21}},"77":{"start":{"line":78,"column":0},"end":{"line":78,"column":3}},"78":{"start":{"line":79,"column":0},"end":{"line":79,"column":0}},"79":{"start":{"line":80,"column":0},"end":{"line":80,"column":79}},"80":{"start":{"line":81,"column":0},"end":{"line":81,"column":46}},"81":{"start":{"line":82,"column":0},"end":{"line":82,"column":62}},"82":{"start":{"line":83,"column":0},"end":{"line":83,"column":5}},"83":{"start":{"line":84,"column":0},"end":{"line":84,"column":35}},"84":{"start":{"line":85,"column":0},"end":{"line":85,"column":50}},"85":{"start":{"line":86,"column":0},"end":{"line":86,"column":5}},"86":{"start":{"line":87,"column":0},"end":{"line":87,"column":40}},"87":{"start":{"line":88,"column":0},"end":{"line":88,"column":3}},"88":{"start":{"line":89,"column":0},"end":{"line":89,"column":0}},"89":{"start":{"line":90,"column":0},"end":{"line":90,"column":12}},"90":{"start":{"line":91,"column":0},"end":{"line":91,"column":20}},"91":{"start":{"line":92,"column":0},"end":{"line":92,"column":25}},"92":{"start":{"line":93,"column":0},"end":{"line":93,"column":3}},"93":{"start":{"line":94,"column":0},"end":{"line":94,"column":26}},"94":{"start":{"line":95,"column":0},"end":{"line":95,"column":31}},"95":{"start":{"line":96,"column":0},"end":{"line":96,"column":3}},"96":{"start":{"line":97,"column":0},"end":{"line":97,"column":32}},"97":{"start":{"line":98,"column":0},"end":{"line":98,"column":37}},"98":{"start":{"line":99,"column":0},"end":{"line":99,"column":3}},"99":{"start":{"line":100,"column":0},"end":{"line":100,"column":24}},"100":{"start":{"line":101,"column":0},"end":{"line":101,"column":36}},"101":{"start":{"line":102,"column":0},"end":{"line":102,"column":3}},"102":{"start":{"line":103,"column":0},"end":{"line":103,"column":24}},"103":{"start":{"line":104,"column":0},"end":{"line":104,"column":29}},"104":{"start":{"line":105,"column":0},"end":{"line":105,"column":3}},"105":{"start":{"line":106,"column":0},"end":{"line":106,"column":31}},"106":{"start":{"line":107,"column":0},"end":{"line":107,"column":37}},"107":{"start":{"line":108,"column":0},"end":{"line":108,"column":3}},"108":{"start":{"line":109,"column":0},"end":{"line":109,"column":32}},"109":{"start":{"line":110,"column":0},"end":{"line":110,"column":40}},"110":{"start":{"line":111,"column":0},"end":{"line":111,"column":3}},"111":{"start":{"line":112,"column":0},"end":{"line":112,"column":0}},"112":{"start":{"line":113,"column":0},"end":{"line":113,"column":48}},"113":{"start":{"line":114,"column":0},"end":{"line":114,"column":40}},"114":{"start":{"line":115,"column":0},"end":{"line":115,"column":3}},"115":{"start":{"line":116,"column":0},"end":{"line":116,"column":0}},"116":{"start":{"line":117,"column":0},"end":{"line":117,"column":50}},"117":{"start":{"line":118,"column":0},"end":{"line":118,"column":36}},"118":{"start":{"line":119,"column":0},"end":{"line":119,"column":80}},"119":{"start":{"line":120,"column":0},"end":{"line":120,"column":3}},"120":{"start":{"line":121,"column":0},"end":{"line":121,"column":1}}},"s":{"0":1,"1":1,"2":1,"3":1,"4":1,"5":1,"6":1,"7":1,"8":1,"9":1,"10":1,"11":1,"12":1,"13":1,"14":1,"15":1,"16":1,"17":1,"18":1,"19":1,"20":1,"21":1,"22":1,"23":1,"24":1,"25":1,"26":1,"27":1,"28":1,"29":1,"30":1,"31":1,"32":1,"33":1,"34":1,"35":1,"36":1,"37":1,"38":1,"39":1,"40":1,"41":1,"42":1,"43":1,"44":1,"45":1,"46":1,"47":1,"48":1,"49":1,"50":1,"51":1,"52":1,"53":1,"54":1,"55":1,"56":1,"57":1,"58":1,"59":1,"60":1,"61":1,"62":1,"63":1,"64":1,"65":1,"66":1,"67":1,"68":1,"69":1,"70":1,"71":1,"72":1,"73":1,"74":1,"75":1,"76":3,"77":3,"78":1,"79":1,"80":4,"81":1,"82":1,"83":4,"84":0,"85":0,"86":3,"87":3,"88":1,"89":1,"90":1,"91":0,"92":0,"93":1,"94":0,"95":0,"96":1,"97":1,"98":1,"99":1,"100":0,"101":0,"102":1,"103":1,"104":1,"105":1,"106":1,"107":1,"108":1,"109":0,"110":0,"111":1,"112":1,"113":1,"114":1,"115":1,"116":1,"117":1,"118":1,"119":1,"120":1},"branchMap":{"0":{"type":"branch","line":76,"loc":{"start":{"line":76,"column":2},"end":{"line":78,"column":3}},"locations":[{"start":{"line":76,"column":2},"end":{"line":78,"column":3}}]},"1":{"type":"branch","line":80,"loc":{"start":{"line":80,"column":16},"end":{"line":88,"column":3}},"locations":[{"start":{"line":80,"column":16},"end":{"line":88,"column":3}}]},"2":{"type":"branch","line":81,"loc":{"start":{"line":81,"column":45},"end":{"line":83,"column":5}},"locations":[{"start":{"line":81,"column":45},"end":{"line":83,"column":5}}]},"3":{"type":"branch","line":84,"loc":{"start":{"line":84,"column":-2},"end":{"line":84,"column":34}},"locations":[{"start":{"line":84,"column":-2},"end":{"line":84,"column":34}}]},"4":{"type":"branch","line":84,"loc":{"start":{"line":84,"column":34},"end":{"line":86,"column":5}},"locations":[{"start":{"line":84,"column":34},"end":{"line":86,"column":5}}]},"5":{"type":"branch","line":87,"loc":{"start":{"line":87,"column":-2},"end":{"line":88,"column":3}},"locations":[{"start":{"line":87,"column":-2},"end":{"line":88,"column":3}}]},"6":{"type":"branch","line":97,"loc":{"start":{"line":97,"column":2},"end":{"line":99,"column":3}},"locations":[{"start":{"line":97,"column":2},"end":{"line":99,"column":3}}]},"7":{"type":"branch","line":103,"loc":{"start":{"line":103,"column":2},"end":{"line":105,"column":3}},"locations":[{"start":{"line":103,"column":2},"end":{"line":105,"column":3}}]},"8":{"type":"branch","line":106,"loc":{"start":{"line":106,"column":2},"end":{"line":108,"column":3}},"locations":[{"start":{"line":106,"column":2},"end":{"line":108,"column":3}}]},"9":{"type":"branch","line":113,"loc":{"start":{"line":113,"column":9},"end":{"line":115,"column":3}},"locations":[{"start":{"line":113,"column":9},"end":{"line":115,"column":3}}]},"10":{"type":"branch","line":117,"loc":{"start":{"line":117,"column":9},"end":{"line":120,"column":3}},"locations":[{"start":{"line":117,"column":9},"end":{"line":120,"column":3}}]}},"b":{"0":[3],"1":[4],"2":[1],"3":[3],"4":[0],"5":[3],"6":[1],"7":[1],"8":[1],"9":[1],"10":[1]},"fnMap":{"0":{"name":"LigneDeCredit","decl":{"start":{"line":76,"column":2},"end":{"line":78,"column":3}},"loc":{"start":{"line":76,"column":2},"end":{"line":78,"column":3}},"line":76},"1":{"name":"create","decl":{"start":{"line":80,"column":16},"end":{"line":88,"column":3}},"loc":{"start":{"line":80,"column":16},"end":{"line":88,"column":3}},"line":80},"2":{"name":"get no","decl":{"start":{"line":91,"column":2},"end":{"line":93,"column":3}},"loc":{"start":{"line":91,"column":2},"end":{"line":93,"column":3}},"line":91},"3":{"name":"get banqueId","decl":{"start":{"line":94,"column":2},"end":{"line":96,"column":3}},"loc":{"start":{"line":94,"column":2},"end":{"line":96,"column":3}},"line":94},"4":{"name":"get montantPlafond","decl":{"start":{"line":97,"column":2},"end":{"line":99,"column":3}},"loc":{"start":{"line":97,"column":2},"end":{"line":99,"column":3}},"line":97},"5":{"name":"get devise","decl":{"start":{"line":100,"column":2},"end":{"line":102,"column":3}},"loc":{"start":{"line":100,"column":2},"end":{"line":102,"column":3}},"line":100},"6":{"name":"get statut","decl":{"start":{"line":103,"column":2},"end":{"line":105,"column":3}},"loc":{"start":{"line":103,"column":2},"end":{"line":105,"column":3}},"line":103},"7":{"name":"get garanties","decl":{"start":{"line":106,"column":2},"end":{"line":108,"column":3}},"loc":{"start":{"line":106,"column":2},"end":{"line":108,"column":3}},"line":106},"8":{"name":"get thresholds","decl":{"start":{"line":109,"column":2},"end":{"line":111,"column":3}},"loc":{"start":{"line":109,"column":2},"end":{"line":111,"column":3}},"line":109},"9":{"name":"addGarantie","decl":{"start":{"line":113,"column":9},"end":{"line":115,"column":3}},"loc":{"start":{"line":113,"column":9},"end":{"line":115,"column":3}},"line":113},"10":{"name":"updateConsumption","decl":{"start":{"line":117,"column":9},"end":{"line":120,"column":3}},"loc":{"start":{"line":117,"column":9},"end":{"line":120,"column":3}},"line":117}},"f":{"0":3,"1":4,"2":0,"3":0,"4":1,"5":0,"6":1,"7":1,"8":0,"9":1,"10":1}}
,"E:\\Projects\\Gestion LC\\api-standard\\src\\shared\\domain\\ddd.ts": {"path":"E:\\Projects\\Gestion LC\\api-standard\\src\\shared\\domain\\ddd.ts","all":false,"statementMap":{"0":{"start":{"line":1,"column":0},"end":{"line":1,"column":33}},"1":{"start":{"line":2,"column":0},"end":{"line":2,"column":33}},"2":{"start":{"line":3,"column":0},"end":{"line":3,"column":21}},"3":{"start":{"line":4,"column":0},"end":{"line":4,"column":0}},"4":{"start":{"line":5,"column":0},"end":{"line":5,"column":38}},"5":{"start":{"line":6,"column":0},"end":{"line":6,"column":45}},"6":{"start":{"line":7,"column":0},"end":{"line":7,"column":23}},"7":{"start":{"line":8,"column":0},"end":{"line":8,"column":3}},"8":{"start":{"line":9,"column":0},"end":{"line":9,"column":0}},"9":{"start":{"line":10,"column":0},"end":{"line":10,"column":20}},"10":{"start":{"line":11,"column":0},"end":{"line":11,"column":20}},"11":{"start":{"line":12,"column":0},"end":{"line":12,"column":3}},"12":{"start":{"line":13,"column":0},"end":{"line":13,"column":1}},"13":{"start":{"line":14,"column":0},"end":{"line":14,"column":0}},"14":{"start":{"line":15,"column":0},"end":{"line":15,"column":58}},"15":{"start":{"line":16,"column":0},"end":{"line":16,"column":36}},"16":{"start":{"line":17,"column":0},"end":{"line":17,"column":0}},"17":{"start":{"line":18,"column":0},"end":{"line":18,"column":29}},"18":{"start":{"line":19,"column":0},"end":{"line":19,"column":30}},"19":{"start":{"line":20,"column":0},"end":{"line":20,"column":3}},"20":{"start":{"line":21,"column":0},"end":{"line":21,"column":0}},"21":{"start":{"line":22,"column":0},"end":{"line":22,"column":46}},"22":{"start":{"line":23,"column":0},"end":{"line":23,"column":35}},"23":{"start":{"line":24,"column":0},"end":{"line":24,"column":3}},"24":{"start":{"line":25,"column":0},"end":{"line":25,"column":0}},"25":{"start":{"line":26,"column":0},"end":{"line":26,"column":30}},"26":{"start":{"line":27,"column":0},"end":{"line":27,"column":28}},"27":{"start":{"line":28,"column":0},"end":{"line":28,"column":3}},"28":{"start":{"line":29,"column":0},"end":{"line":29,"column":1}},"29":{"start":{"line":30,"column":0},"end":{"line":30,"column":0}},"30":{"start":{"line":31,"column":0},"end":{"line":31,"column":38}},"31":{"start":{"line":32,"column":0},"end":{"line":32,"column":30}},"32":{"start":{"line":33,"column":0},"end":{"line":33,"column":0}},"33":{"start":{"line":34,"column":0},"end":{"line":34,"column":25}},"34":{"start":{"line":35,"column":0},"end":{"line":35,"column":38}},"35":{"start":{"line":36,"column":0},"end":{"line":36,"column":3}},"36":{"start":{"line":37,"column":0},"end":{"line":37,"column":0}},"37":{"start":{"line":38,"column":0},"end":{"line":38,"column":47}},"38":{"start":{"line":39,"column":0},"end":{"line":39,"column":42}},"39":{"start":{"line":40,"column":0},"end":{"line":40,"column":19}},"40":{"start":{"line":41,"column":0},"end":{"line":41,"column":5}},"41":{"start":{"line":42,"column":0},"end":{"line":42,"column":33}},"42":{"start":{"line":43,"column":0},"end":{"line":43,"column":19}},"43":{"start":{"line":44,"column":0},"end":{"line":44,"column":5}},"44":{"start":{"line":45,"column":0},"end":{"line":45,"column":67}},"45":{"start":{"line":46,"column":0},"end":{"line":46,"column":3}},"46":{"start":{"line":47,"column":0},"end":{"line":47,"column":1}}},"s":{"0":1,"1":1,"2":1,"3":1,"4":1,"5":4,"6":4,"7":4,"8":1,"9":1,"10":0,"11":0,"12":1,"13":1,"14":3,"15":3,"16":3,"17":3,"18":0,"19":0,"20":3,"21":3,"22":0,"23":0,"24":3,"25":3,"26":0,"27":0,"28":3,"29":1,"30":1,"31":1,"32":1,"33":1,"34":0,"35":0,"36":1,"37":1,"38":0,"39":0,"40":0,"41":0,"42":0,"43":0,"44":0,"45":0,"46":1},"branchMap":{"0":{"type":"branch","line":5,"loc":{"start":{"line":5,"column":2},"end":{"line":8,"column":3}},"locations":[{"start":{"line":5,"column":2},"end":{"line":8,"column":3}}]},"1":{"type":"branch","line":6,"loc":{"start":{"line":6,"column":18},"end":{"line":6,"column":22}},"locations":[{"start":{"line":6,"column":18},"end":{"line":6,"column":22}}]},"2":{"type":"branch","line":15,"loc":{"start":{"line":15,"column":0},"end":{"line":29,"column":1}},"locations":[{"start":{"line":15,"column":0},"end":{"line":29,"column":1}}]}},"b":{"0":[4],"1":[0],"2":[3]},"fnMap":{"0":{"name":"Entity","decl":{"start":{"line":5,"column":2},"end":{"line":8,"column":3}},"loc":{"start":{"line":5,"column":2},"end":{"line":8,"column":3}},"line":5},"1":{"name":"get id","decl":{"start":{"line":10,"column":2},"end":{"line":12,"column":3}},"loc":{"start":{"line":10,"column":2},"end":{"line":12,"column":3}},"line":10},"2":{"name":"AggregateRoot","decl":{"start":{"line":15,"column":0},"end":{"line":29,"column":1}},"loc":{"start":{"line":15,"column":0},"end":{"line":29,"column":1}},"line":15},"3":{"name":"get domainEvents","decl":{"start":{"line":18,"column":2},"end":{"line":20,"column":3}},"loc":{"start":{"line":18,"column":2},"end":{"line":20,"column":3}},"line":18},"4":{"name":"addDomainEvent","decl":{"start":{"line":22,"column":12},"end":{"line":24,"column":3}},"loc":{"start":{"line":22,"column":12},"end":{"line":24,"column":3}},"line":22},"5":{"name":"clearEvents","decl":{"start":{"line":26,"column":9},"end":{"line":28,"column":3}},"loc":{"start":{"line":26,"column":9},"end":{"line":28,"column":3}},"line":26},"6":{"name":"ValueObject","decl":{"start":{"line":34,"column":2},"end":{"line":36,"column":3}},"loc":{"start":{"line":34,"column":2},"end":{"line":36,"column":3}},"line":34},"7":{"name":"equals","decl":{"start":{"line":38,"column":9},"end":{"line":46,"column":3}},"loc":{"start":{"line":38,"column":9},"end":{"line":46,"column":3}},"line":38}},"f":{"0":4,"1":0,"2":3,"3":0,"4":0,"5":0,"6":0,"7":0}}
}
